app/build/intermediates/manifest_merge_blame_file/debug/manifest-merger-blame-debug-report.txt
1<?xml version="1.0" encoding="utf-8"?>
2<manifest xmlns:android="http://schemas.android.com/apk/res/android"
3    package="com.example.yg.wifibcscaner"
4    android:versionCode="23"
5    android:versionName="3.4" >
6
7    <uses-sdk
8        android:minSdkVersion="24"
8-->src/main/AndroidManifest.xml
9        android:targetSdkVersion="29" />
9-->src/main/AndroidManifest.xml
10
11    <uses-permission android:name="com.honeywell.decode.permission.DECODE" />
11-->src/main/AndroidManifest.xml:33:5-78
11-->src/main/AndroidManifest.xml:33:22-75
12    <uses-permission android:name="android.permission.CAMERA" />
12-->src/main/AndroidManifest.xml:34:5-65
12-->src/main/AndroidManifest.xml:34:22-62
13    <uses-permission android:name="android.permission.INTERNET" />
13-->src/main/AndroidManifest.xml:35:5-67
13-->src/main/AndroidManifest.xml:35:22-64
14    <uses-permission android:name="android.permission.READ_PHONE_STATE" />
14-->src/main/AndroidManifest.xml:36:5-75
14-->src/main/AndroidManifest.xml:36:22-72
15    <uses-permission android:name="android.permission.WRITE_EXTERNAL_STORAGE" />
15-->src/main/AndroidManifest.xml:37:5-81
15-->src/main/AndroidManifest.xml:37:22-78
16
17    <application
17-->src/main/AndroidManifest.xml:6:5-32:19
18        android:allowBackup="true"
18-->src/main/AndroidManifest.xml:7:9-35
19        android:debuggable="true"
19-->[:DataCollection] AndroidManifest.xml:15:9-35
20        android:extractNativeLibs="false"
21        android:icon="@mipmap/ic_launcher"
21-->src/main/AndroidManifest.xml:8:9-43
22        android:label="@string/app_name"
22-->src/main/AndroidManifest.xml:9:9-41
23        android:roundIcon="@mipmap/ic_launcher_round"
23-->src/main/AndroidManifest.xml:10:9-54
24        android:screenOrientation="portrait"
24-->src/main/AndroidManifest.xml:11:9-45
25        android:supportsRtl="true"
25-->src/main/AndroidManifest.xml:12:9-35
26        android:testOnly="true"
27        android:theme="@style/AppTheme" >
27-->src/main/AndroidManifest.xml:13:9-40
28        <activity
28-->src/main/AndroidManifest.xml:14:9-22:20
29            android:name="com.example.yg.wifibcscaner.MainActivity"
29-->src/main/AndroidManifest.xml:15:13-41
30            android:screenOrientation="portrait" >
30-->src/main/AndroidManifest.xml:16:13-49
31            <intent-filter>
31-->src/main/AndroidManifest.xml:17:13-21:29
32                <action android:name="android.intent.action.MAIN" />
32-->src/main/AndroidManifest.xml:18:17-69
32-->src/main/AndroidManifest.xml:18:25-66
33
34                <category android:name="android.intent.category.LAUNCHER" />
34-->src/main/AndroidManifest.xml:20:17-77
34-->src/main/AndroidManifest.xml:20:27-74
35            </intent-filter>
36        </activity>
37        <activity android:name="com.example.yg.wifibcscaner.LoginActivity" />
37-->src/main/AndroidManifest.xml:23:9-51
37-->src/main/AndroidManifest.xml:23:19-48
38        <activity android:name="com.example.yg.wifibcscaner.dbService" />
38-->src/main/AndroidManifest.xml:24:9-47
38-->src/main/AndroidManifest.xml:24:19-44
39        <activity android:name="com.example.yg.wifibcscaner.BoxesActivity" />
39-->src/main/AndroidManifest.xml:25:9-51
39-->src/main/AndroidManifest.xml:25:19-48
40        <activity android:name="com.example.yg.wifibcscaner.activity.SettingsActivity" />
40-->src/main/AndroidManifest.xml:26:9-63
40-->src/main/AndroidManifest.xml:26:19-60
41        <activity android:name="com.example.yg.wifibcscaner.OrdersActivity" />
41-->src/main/AndroidManifest.xml:27:9-52
41-->src/main/AndroidManifest.xml:27:19-49
42        <activity android:name="com.example.yg.wifibcscaner.ProdsActivity" />
42-->src/main/AndroidManifest.xml:28:9-51
42-->src/main/AndroidManifest.xml:28:19-48
43        <activity android:name="com.example.yg.wifibcscaner.OutDocsActivity" />
43-->src/main/AndroidManifest.xml:29:9-53
43-->src/main/AndroidManifest.xml:29:19-50
44        <activity android:name="com.example.yg.wifibcscaner.UpdateActivity" />
44-->src/main/AndroidManifest.xml:30:9-52
44-->src/main/AndroidManifest.xml:30:19-49
45        <activity android:name="com.example.yg.wifibcscaner.lastUpdateActivity" />
45-->src/main/AndroidManifest.xml:31:9-56
45-->src/main/AndroidManifest.xml:31:19-53
46    </application>
47
48</manifest>